<?xml version="1.0" encoding="UTF-8"?>
<testng-results skipped="0" failed="0" ignored="0" total="8" passed="8">
  <reporter-output>
  </reporter-output>
  <suite name="Suite" duration-ms="277125" started-at="2020-09-23T16:12:38Z" finished-at="2020-09-23T16:17:15Z">
    <groups>
    </groups>
    <test name="Test" duration-ms="277125" started-at="2020-09-23T16:12:38Z" finished-at="2020-09-23T16:17:15Z">
      <class name="com.scripts.actitime.Testeditwork">
        <test-method status="PASS" signature="openbrowser()[pri:0, instance:com.scripts.actitime.Testeditwork@1f28c152]" name="openbrowser" is-config="true" duration-ms="14494" started-at="2020-09-23T16:16:35Z" finished-at="2020-09-23T16:16:50Z">
          <reporter-output>
          </reporter-output>
        </test-method> <!-- openbrowser -->
        <test-method status="PASS" signature="login()[pri:0, instance:com.scripts.actitime.Testeditwork@1f28c152]" name="login" is-config="true" duration-ms="1159" started-at="2020-09-23T16:16:50Z" finished-at="2020-09-23T16:16:51Z">
          <reporter-output>
          </reporter-output>
        </test-method> <!-- login -->
        <test-method status="PASS" signature="editworktype()[pri:0, instance:com.scripts.actitime.Testeditwork@1f28c152]" name="editworktype" duration-ms="17878" started-at="2020-09-23T16:16:51Z" finished-at="2020-09-23T16:17:09Z">
          <reporter-output>
          </reporter-output>
        </test-method> <!-- editworktype -->
        <test-method status="PASS" signature="logout()[pri:0, instance:com.scripts.actitime.Testeditwork@1f28c152]" name="logout" is-config="true" duration-ms="5575" started-at="2020-09-23T16:17:09Z" finished-at="2020-09-23T16:17:14Z">
          <reporter-output>
          </reporter-output>
        </test-method> <!-- logout -->
        <test-method status="PASS" signature="closebrowser()[pri:0, instance:com.scripts.actitime.Testeditwork@1f28c152]" name="closebrowser" is-config="true" duration-ms="937" started-at="2020-09-23T16:17:14Z" finished-at="2020-09-23T16:17:15Z">
          <reporter-output>
          </reporter-output>
        </test-method> <!-- closebrowser -->
      </class> <!-- com.scripts.actitime.Testeditwork -->
      <class name="com.scripts.actitime.Testcreatwork">
        <test-method status="PASS" signature="openbrowser()[pri:0, instance:com.scripts.actitime.Testcreatwork@731a74c]" name="openbrowser" is-config="true" duration-ms="13674" started-at="2020-09-23T16:15:22Z" finished-at="2020-09-23T16:15:36Z">
          <reporter-output>
          </reporter-output>
        </test-method> <!-- openbrowser -->
        <test-method status="PASS" signature="login()[pri:0, instance:com.scripts.actitime.Testcreatwork@731a74c]" name="login" is-config="true" duration-ms="1223" started-at="2020-09-23T16:15:36Z" finished-at="2020-09-23T16:15:37Z">
          <reporter-output>
          </reporter-output>
        </test-method> <!-- login -->
        <test-method status="PASS" signature="work()[pri:0, instance:com.scripts.actitime.Testcreatwork@731a74c]" name="work" duration-ms="17065" started-at="2020-09-23T16:15:37Z" finished-at="2020-09-23T16:15:54Z">
          <reporter-output>
          </reporter-output>
        </test-method> <!-- work -->
        <test-method status="PASS" signature="logout()[pri:0, instance:com.scripts.actitime.Testcreatwork@731a74c]" name="logout" is-config="true" duration-ms="4968" started-at="2020-09-23T16:15:54Z" finished-at="2020-09-23T16:15:59Z">
          <reporter-output>
          </reporter-output>
        </test-method> <!-- logout -->
        <test-method status="PASS" signature="closebrowser()[pri:0, instance:com.scripts.actitime.Testcreatwork@731a74c]" name="closebrowser" is-config="true" duration-ms="1020" started-at="2020-09-23T16:15:59Z" finished-at="2020-09-23T16:16:00Z">
          <reporter-output>
          </reporter-output>
        </test-method> <!-- closebrowser -->
      </class> <!-- com.scripts.actitime.Testcreatwork -->
      <class name="com.scripts.actitime.Testdeleteleave">
        <test-method status="PASS" signature="openbrowser()[pri:0, instance:com.scripts.actitime.Testdeleteleave@369f73a2]" name="openbrowser" is-config="true" duration-ms="14566" started-at="2020-09-23T16:16:00Z" finished-at="2020-09-23T16:16:14Z">
          <reporter-output>
          </reporter-output>
        </test-method> <!-- openbrowser -->
        <test-method status="PASS" signature="login()[pri:0, instance:com.scripts.actitime.Testdeleteleave@369f73a2]" name="login" is-config="true" duration-ms="1315" started-at="2020-09-23T16:16:14Z" finished-at="2020-09-23T16:16:16Z">
          <reporter-output>
          </reporter-output>
        </test-method> <!-- login -->
        <test-method status="PASS" signature="deleteleave()[pri:0, instance:com.scripts.actitime.Testdeleteleave@369f73a2]" name="deleteleave" duration-ms="13754" started-at="2020-09-23T16:16:16Z" finished-at="2020-09-23T16:16:29Z">
          <reporter-output>
          </reporter-output>
        </test-method> <!-- deleteleave -->
        <test-method status="PASS" signature="logout()[pri:0, instance:com.scripts.actitime.Testdeleteleave@369f73a2]" name="logout" is-config="true" duration-ms="4895" started-at="2020-09-23T16:16:29Z" finished-at="2020-09-23T16:16:34Z">
          <reporter-output>
          </reporter-output>
        </test-method> <!-- logout -->
        <test-method status="PASS" signature="closebrowser()[pri:0, instance:com.scripts.actitime.Testdeleteleave@369f73a2]" name="closebrowser" is-config="true" duration-ms="942" started-at="2020-09-23T16:16:34Z" finished-at="2020-09-23T16:16:35Z">
          <reporter-output>
          </reporter-output>
        </test-method> <!-- closebrowser -->
      </class> <!-- com.scripts.actitime.Testdeleteleave -->
      <class name="com.scripts.actitime.TestActitimelogin">
        <test-method status="PASS" signature="openbrowser()[pri:0, instance:com.scripts.actitime.TestActitimelogin@6ddf90b0]" name="openbrowser" is-config="true" duration-ms="16927" started-at="2020-09-23T16:12:38Z" finished-at="2020-09-23T16:12:55Z">
          <reporter-output>
          </reporter-output>
        </test-method> <!-- openbrowser -->
        <test-method status="PASS" signature="login()[pri:0, instance:com.scripts.actitime.TestActitimelogin@6ddf90b0]" name="login" duration-ms="2927" started-at="2020-09-23T16:12:55Z" finished-at="2020-09-23T16:12:58Z">
          <reporter-output>
          </reporter-output>
        </test-method> <!-- login -->
        <test-method status="PASS" signature="logout()[pri:0, instance:com.scripts.actitime.TestActitimelogin@6ddf90b0]" name="logout" is-config="true" duration-ms="6208" started-at="2020-09-23T16:12:58Z" finished-at="2020-09-23T16:13:04Z">
          <reporter-output>
          </reporter-output>
        </test-method> <!-- logout -->
        <test-method status="PASS" signature="closebrowser()[pri:0, instance:com.scripts.actitime.TestActitimelogin@6ddf90b0]" name="closebrowser" is-config="true" duration-ms="1240" started-at="2020-09-23T16:13:04Z" finished-at="2020-09-23T16:13:06Z">
          <reporter-output>
          </reporter-output>
        </test-method> <!-- closebrowser -->
      </class> <!-- com.scripts.actitime.TestActitimelogin -->
      <class name="com.scripts.actitime.Testcreatcustomer">
        <test-method status="PASS" signature="openbrowser()[pri:0, instance:com.scripts.actitime.Testcreatcustomer@4b4523f8]" name="openbrowser" is-config="true" duration-ms="13554" started-at="2020-09-23T16:14:50Z" finished-at="2020-09-23T16:15:04Z">
          <reporter-output>
          </reporter-output>
        </test-method> <!-- openbrowser -->
        <test-method status="PASS" signature="login()[pri:0, instance:com.scripts.actitime.Testcreatcustomer@4b4523f8]" name="login" is-config="true" duration-ms="1173" started-at="2020-09-23T16:15:04Z" finished-at="2020-09-23T16:15:05Z">
          <reporter-output>
          </reporter-output>
        </test-method> <!-- login -->
        <test-method status="PASS" signature="customer()[pri:0, instance:com.scripts.actitime.Testcreatcustomer@4b4523f8]" name="customer" duration-ms="12430" started-at="2020-09-23T16:15:05Z" finished-at="2020-09-23T16:15:18Z">
          <reporter-output>
          </reporter-output>
        </test-method> <!-- customer -->
        <test-method status="FAIL" signature="logout()[pri:0, instance:com.scripts.actitime.Testcreatcustomer@4b4523f8]" name="logout" is-config="true" duration-ms="4289" started-at="2020-09-23T16:15:18Z" finished-at="2020-09-23T16:15:22Z">
          <exception class="org.openqa.selenium.ElementClickInterceptedException">
            <message>
              <![CDATA[element click intercepted: Element <a href="/logout.do" id="logoutLink" class="logout">...</a> is not clickable at point (1309, 3). Other element would receive the click: <img src="/img/default/dialogs/exitconfirm/shade.png?hash=1171765977" id="muar" style="display: block;">
  (Session info: chrome=85.0.4183.102)
Build info: version: '4.0.0-alpha-5', revision: 'b3a0d621cc'
System info: host: 'MEDONA', ip: '192.168.1.155', os.name: 'Windows 10', os.arch: 'amd64', os.version: '10.0', java.version: '1.8.0_251'
Driver info: org.openqa.selenium.chrome.ChromeDriver
Capabilities {acceptInsecureCerts: false, browserName: chrome, browserVersion: 85.0.4183.102, chrome: {chromedriverVersion: 85.0.4183.87 (cd6713ebf92fa..., userDataDir: C:\Users\JMJ\AppData\Local\...}, goog:chromeOptions: {debuggerAddress: localhost:52763}, javascriptEnabled: true, networkConnectionEnabled: false, pageLoadStrategy: normal, platform: WINDOWS, platformName: WINDOWS, proxy: Proxy(), setWindowRect: true, strictFileInteractability: false, timeouts: {implicit: 0, pageLoad: 300000, script: 30000}, unhandledPromptBehavior: dismiss and notify, webauthn:virtualAuthenticators: true}
Session ID: b05c7bb5bbd682902bdb0c35d2f5aa54]]>
            </message>
            <full-stacktrace>
              <![CDATA[org.openqa.selenium.ElementClickInterceptedException: element click intercepted: Element <a href="/logout.do" id="logoutLink" class="logout">...</a> is not clickable at point (1309, 3). Other element would receive the click: <img src="/img/default/dialogs/exitconfirm/shade.png?hash=1171765977" id="muar" style="display: block;">
  (Session info: chrome=85.0.4183.102)
Build info: version: '4.0.0-alpha-5', revision: 'b3a0d621cc'
System info: host: 'MEDONA', ip: '192.168.1.155', os.name: 'Windows 10', os.arch: 'amd64', os.version: '10.0', java.version: '1.8.0_251'
Driver info: org.openqa.selenium.chrome.ChromeDriver
Capabilities {acceptInsecureCerts: false, browserName: chrome, browserVersion: 85.0.4183.102, chrome: {chromedriverVersion: 85.0.4183.87 (cd6713ebf92fa..., userDataDir: C:\Users\JMJ\AppData\Local\...}, goog:chromeOptions: {debuggerAddress: localhost:52763}, javascriptEnabled: true, networkConnectionEnabled: false, pageLoadStrategy: normal, platform: WINDOWS, platformName: WINDOWS, proxy: Proxy(), setWindowRect: true, strictFileInteractability: false, timeouts: {implicit: 0, pageLoad: 300000, script: 30000}, unhandledPromptBehavior: dismiss and notify, webauthn:virtualAuthenticators: true}
Session ID: b05c7bb5bbd682902bdb0c35d2f5aa54
at sun.reflect.NativeConstructorAccessorImpl.newInstance0(Native Method)
at sun.reflect.NativeConstructorAccessorImpl.newInstance(Unknown Source)
at sun.reflect.DelegatingConstructorAccessorImpl.newInstance(Unknown Source)
at java.lang.reflect.Constructor.newInstance(Unknown Source)
at org.openqa.selenium.remote.codec.w3c.W3CHttpResponseCodec.createException(W3CHttpResponseCodec.java:196)
at org.openqa.selenium.remote.codec.w3c.W3CHttpResponseCodec.decode(W3CHttpResponseCodec.java:129)
at org.openqa.selenium.remote.codec.w3c.W3CHttpResponseCodec.decode(W3CHttpResponseCodec.java:53)
at org.openqa.selenium.remote.HttpCommandExecutor.execute(HttpCommandExecutor.java:161)
at org.openqa.selenium.remote.service.DriverCommandExecutor.execute(DriverCommandExecutor.java:83)
at org.openqa.selenium.remote.RemoteWebDriver.execute(RemoteWebDriver.java:582)
at org.openqa.selenium.remote.RemoteWebElement.execute(RemoteWebElement.java:316)
at org.openqa.selenium.remote.RemoteWebElement.click(RemoteWebElement.java:85)
at sun.reflect.GeneratedMethodAccessor1.invoke(Unknown Source)
at sun.reflect.DelegatingMethodAccessorImpl.invoke(Unknown Source)
at java.lang.reflect.Method.invoke(Unknown Source)
at org.openqa.selenium.support.pagefactory.internal.LocatingElementHandler.invoke(LocatingElementHandler.java:52)
at com.sun.proxy.$Proxy15.click(Unknown Source)
at com.pages.actitime.ActitimeHomepage.logoutMethod(ActitimeHomepage.java:65)
at com.generics.actitime.Basetest.logout(Basetest.java:51)
at sun.reflect.NativeMethodAccessorImpl.invoke0(Native Method)
at sun.reflect.NativeMethodAccessorImpl.invoke(Unknown Source)
at sun.reflect.DelegatingMethodAccessorImpl.invoke(Unknown Source)
at java.lang.reflect.Method.invoke(Unknown Source)
at org.testng.internal.MethodInvocationHelper.invokeMethod(MethodInvocationHelper.java:124)
at org.testng.internal.MethodInvocationHelper.invokeMethodConsideringTimeout(MethodInvocationHelper.java:59)
at org.testng.internal.Invoker.invokeConfigurationMethod(Invoker.java:458)
at org.testng.internal.Invoker.invokeConfigurations(Invoker.java:222)
at org.testng.internal.Invoker.invokeMethod(Invoker.java:646)
at org.testng.internal.Invoker.invokeTestMethod(Invoker.java:719)
at org.testng.internal.Invoker.invokeTestMethods(Invoker.java:989)
at org.testng.internal.TestMethodWorker.invokeTestMethods(TestMethodWorker.java:125)
at org.testng.internal.TestMethodWorker.run(TestMethodWorker.java:109)
at org.testng.TestRunner.privateRun(TestRunner.java:648)
at org.testng.TestRunner.run(TestRunner.java:505)
at org.testng.SuiteRunner.runTest(SuiteRunner.java:455)
at org.testng.SuiteRunner.runSequentially(SuiteRunner.java:450)
at org.testng.SuiteRunner.privateRun(SuiteRunner.java:415)
at org.testng.SuiteRunner.run(SuiteRunner.java:364)
at org.testng.SuiteRunnerWorker.runSuite(SuiteRunnerWorker.java:52)
at org.testng.SuiteRunnerWorker.run(SuiteRunnerWorker.java:84)
at org.testng.TestNG.runSuitesSequentially(TestNG.java:1208)
at org.testng.TestNG.runSuitesLocally(TestNG.java:1137)
at org.testng.TestNG.runSuites(TestNG.java:1049)
at org.testng.TestNG.run(TestNG.java:1017)
at org.testng.remote.AbstractRemoteTestNG.run(AbstractRemoteTestNG.java:115)
at org.testng.remote.RemoteTestNG.initAndRun(RemoteTestNG.java:251)
at org.testng.remote.RemoteTestNG.main(RemoteTestNG.java:77)
]]>
            </full-stacktrace>
          </exception> <!-- org.openqa.selenium.ElementClickInterceptedException -->
          <reporter-output>
          </reporter-output>
        </test-method> <!-- logout -->
        <test-method status="SKIP" signature="closebrowser()[pri:0, instance:com.scripts.actitime.Testcreatcustomer@4b4523f8]" name="closebrowser" is-config="true" duration-ms="0" started-at="2020-09-23T16:15:22Z" finished-at="2020-09-23T16:15:22Z">
          <reporter-output>
          </reporter-output>
        </test-method> <!-- closebrowser -->
      </class> <!-- com.scripts.actitime.Testcreatcustomer -->
      <class name="com.scripts.actitime.Testdeletework">
        <test-method status="PASS" signature="openbrowser()[pri:0, instance:com.scripts.actitime.Testdeletework@3b0143d3]" name="openbrowser" is-config="true" duration-ms="14512" started-at="2020-09-23T16:13:39Z" finished-at="2020-09-23T16:13:54Z">
          <reporter-output>
          </reporter-output>
        </test-method> <!-- openbrowser -->
        <test-method status="PASS" signature="login()[pri:0, instance:com.scripts.actitime.Testdeletework@3b0143d3]" name="login" is-config="true" duration-ms="1453" started-at="2020-09-23T16:13:54Z" finished-at="2020-09-23T16:13:55Z">
          <reporter-output>
          </reporter-output>
        </test-method> <!-- login -->
        <test-method status="PASS" signature="deletework()[pri:0, instance:com.scripts.actitime.Testdeletework@3b0143d3]" name="deletework" duration-ms="14152" started-at="2020-09-23T16:13:55Z" finished-at="2020-09-23T16:14:10Z">
          <reporter-output>
          </reporter-output>
        </test-method> <!-- deletework -->
        <test-method status="PASS" signature="logout()[pri:0, instance:com.scripts.actitime.Testdeletework@3b0143d3]" name="logout" is-config="true" duration-ms="4552" started-at="2020-09-23T16:14:10Z" finished-at="2020-09-23T16:14:14Z">
          <reporter-output>
          </reporter-output>
        </test-method> <!-- logout -->
        <test-method status="PASS" signature="closebrowser()[pri:0, instance:com.scripts.actitime.Testdeletework@3b0143d3]" name="closebrowser" is-config="true" duration-ms="904" started-at="2020-09-23T16:14:14Z" finished-at="2020-09-23T16:14:15Z">
          <reporter-output>
          </reporter-output>
        </test-method> <!-- closebrowser -->
      </class> <!-- com.scripts.actitime.Testdeletework -->
      <class name="com.scripts.actitime.Testeditleave">
        <test-method status="PASS" signature="openbrowser()[pri:0, instance:com.scripts.actitime.Testeditleave@5a8e6209]" name="openbrowser" is-config="true" duration-ms="17157" started-at="2020-09-23T16:14:15Z" finished-at="2020-09-23T16:14:32Z">
          <reporter-output>
          </reporter-output>
        </test-method> <!-- openbrowser -->
        <test-method status="PASS" signature="login()[pri:0, instance:com.scripts.actitime.Testeditleave@5a8e6209]" name="login" is-config="true" duration-ms="1088" started-at="2020-09-23T16:14:32Z" finished-at="2020-09-23T16:14:33Z">
          <reporter-output>
          </reporter-output>
        </test-method> <!-- login -->
        <test-method status="PASS" signature="editleavetype()[pri:0, instance:com.scripts.actitime.Testeditleave@5a8e6209]" name="editleavetype" duration-ms="12050" started-at="2020-09-23T16:14:33Z" finished-at="2020-09-23T16:14:45Z">
          <reporter-output>
          </reporter-output>
        </test-method> <!-- editleavetype -->
        <test-method status="PASS" signature="logout()[pri:0, instance:com.scripts.actitime.Testeditleave@5a8e6209]" name="logout" is-config="true" duration-ms="4282" started-at="2020-09-23T16:14:45Z" finished-at="2020-09-23T16:14:50Z">
          <reporter-output>
          </reporter-output>
        </test-method> <!-- logout -->
        <test-method status="PASS" signature="closebrowser()[pri:0, instance:com.scripts.actitime.Testeditleave@5a8e6209]" name="closebrowser" is-config="true" duration-ms="816" started-at="2020-09-23T16:14:50Z" finished-at="2020-09-23T16:14:50Z">
          <reporter-output>
          </reporter-output>
        </test-method> <!-- closebrowser -->
      </class> <!-- com.scripts.actitime.Testeditleave -->
      <class name="com.scripts.actitime.Testcreatleave">
        <test-method status="PASS" signature="openbrowser()[pri:0, instance:com.scripts.actitime.Testcreatleave@57536d79]" name="openbrowser" is-config="true" duration-ms="12868" started-at="2020-09-23T16:13:06Z" finished-at="2020-09-23T16:13:18Z">
          <reporter-output>
          </reporter-output>
        </test-method> <!-- openbrowser -->
        <test-method status="PASS" signature="login()[pri:0, instance:com.scripts.actitime.Testcreatleave@57536d79]" name="login" is-config="true" duration-ms="1441" started-at="2020-09-23T16:13:18Z" finished-at="2020-09-23T16:13:20Z">
          <reporter-output>
          </reporter-output>
        </test-method> <!-- login -->
        <test-method status="PASS" signature="leave()[pri:0, instance:com.scripts.actitime.Testcreatleave@57536d79]" name="leave" duration-ms="13608" started-at="2020-09-23T16:13:20Z" finished-at="2020-09-23T16:13:33Z">
          <reporter-output>
          </reporter-output>
        </test-method> <!-- leave -->
        <test-method status="PASS" signature="logout()[pri:0, instance:com.scripts.actitime.Testcreatleave@57536d79]" name="logout" is-config="true" duration-ms="4835" started-at="2020-09-23T16:13:33Z" finished-at="2020-09-23T16:13:38Z">
          <reporter-output>
          </reporter-output>
        </test-method> <!-- logout -->
        <test-method status="PASS" signature="closebrowser()[pri:0, instance:com.scripts.actitime.Testcreatleave@57536d79]" name="closebrowser" is-config="true" duration-ms="1074" started-at="2020-09-23T16:13:38Z" finished-at="2020-09-23T16:13:39Z">
          <reporter-output>
          </reporter-output>
        </test-method> <!-- closebrowser -->
      </class> <!-- com.scripts.actitime.Testcreatleave -->
    </test> <!-- Test -->
  </suite> <!-- Suite -->
</testng-results>
